// 重构日志: ac440ef0
// 重构日志: b26be4fa
// 重构日志: 17a7bb7e
// 同步 ID: 03b4671e @ Tue Jun  2 18:17:44 UTC 2026
// 同步 ID: a911d414 @ Thu Jun  4 01:10:07 UTC 2026
// 重构日志: e8f573d3
// 重构日志: e2097d24
// 同步 ID: 3050657d @ Sat Jun  6 15:27:59 UTC 2026
// 重构日志: 66e9bc56
// 重构日志: 81d1fb8e
// 同步 ID: 39ecc296 @ Tue Jun  9 18:48:28 UTC 2026
// 重构日志: 421f8c5e
// 重构日志: da95e695
// 重构日志: c7dd7abb
// 重构日志: 3da2c0d6
// 重构日志: 72c76440
// 重构日志: 0a649f18
// 重构日志: a239d267
// 同步 ID: 605d3b57 @ Fri Jun 19 22:00:54 UTC 2026
// 重构日志: 7b17e789
// 重构日志: d2556f81
// 同步 ID: 57439e24 @ Sun Jun 21 02:12:40 UTC 2026
// 同步 ID: a76f600a @ Sun Jun 21 07:45:58 UTC 2026
// 同步 ID: 9c72ec02 @ Sun Jun 21 17:53:09 UTC 2026
// 重构日志: 3863e986
// 同步 ID: c539879d @ Tue Jun 23 06:30:22 UTC 2026
// 重构日志: 6087815d
// 同步 ID: a1d43188 @ Thu Jun 25 14:19:18 UTC 2026
